[0m[[0m[0mdebug[0m] [0m[0mjavaOptions: Vector()[0m
[0m[[0m[0mdebug[0m] [0m[0mForking tests - parallelism = false[0m
[0m[[0m[0mdebug[0m] [0m[0mCreate a single-thread test executor[0m
[0m[[0m[0mdebug[0m] [0m[0mRunner for org.scalatest.tools.Framework produced 1 initial tasks for 1 tests.[0m
[0m[[0m[0mdebug[0m] [0m[0m  Running TaskDef(controllers.getControllerSpec, sbt.ForkMain$SubclassFingerscan@62c25eb4, false, [SuiteSelector])[0m
[0m[[0m[0minfo[0m] [0m[0m[32mgetControllerSpec:[0m[0m
[0m[[0m[0minfo[0m] [0m[0m[32mgetController[0m[0m
[0m[[0m[0minfo[0m] [0m[0m[32m- should take ids which are present[0m[0m
[0m[[0m[0minfo[0m] [0m[0m[32mgetController[0m[0m
[0m[[0m[0minfo[0m] [0m[0m[32m- should take ids which not present[0m[0m
[0m[[0m[0minfo[0m] [0m[0m[32mcreateController[0m[0m
[0m[[0m[0minfo[0m] [0m[0m[31m- should create the record *** FAILED ***[0m[0m
[0m[[0m[0minfo[0m] [0m[0m[31m  "V[]" was not equal to "V[fv]" (getControllerSpec.scala:73)[0m[0m
[0m[[0m[0mdebug[0m] [0m[0m    Produced 0 nested tasks and 3 events.[0m
[0m[[0m[0mdebug[0m] [0m[0mRunner for com.novocode.junit.JUnitFramework produced 0 initial tasks for 0 tests.[0m
[0m[[0m[0minfo[0m] [0m[0mScalaTest[0m
[0m[[0m[0minfo[0m] [0m[0m[36mRun completed in 4 seconds, 19 milliseconds.[0m[0m
[0m[[0m[0minfo[0m] [0m[0m[36mTotal number of tests run: 3[0m[0m
[0m[[0m[0minfo[0m] [0m[0m[36mSuites: completed 1, aborted 0[0m[0m
[0m[[0m[0minfo[0m] [0m[0m[36mTests: succeeded 2, failed 1, canceled 0, ignored 0, pending 0[0m[0m
[0m[[0m[0minfo[0m] [0m[0m[31m*** 1 TEST FAILED ***[0m[0m
[0m[[0m[0mdebug[0m] [0m[0mSummary for JUnit not available.[0m
[0m[[0m[31merror[0m] [0m[0mFailed: Total 3, Failed 1, Errors 0, Passed 2[0m
[0m[[0m[31merror[0m] [0m[0mFailed tests:[0m
[0m[[0m[31merror[0m] [0m[0m	controllers.getControllerSpec[0m
[0m[[0m[31merror[0m] [0m[0m(Test / [31mtest[0m) sbt.TestsFailedException: Tests unsuccessful[0m
